<?xml version="1.0" encoding="UTF-8"?>
<testng-results ignored="0" total="1" passed="1" failed="0" skipped="0">
  <reporter-output>
  </reporter-output>
  <suite started-at="2023-02-21T04:45:45Z" name="Default suite" finished-at="2023-02-21T04:47:06Z" duration-ms="81211">
    <groups>
    </groups>
    <test started-at="2023-02-21T04:45:45Z" name="Default test" finished-at="2023-02-21T04:47:06Z" duration-ms="81211">
      <class name="com.invicta.qa.testcases.sbu.MethodCalling">
        <test-method is-config="true" signature="main()[pri:0, instance:com.invicta.qa.testcases.sbu.MethodCalling@474fae39]" started-at="2023-02-21T04:45:28Z" name="main" finished-at="2023-02-21T04:45:45Z" duration-ms="17239" status="PASS">
          <reporter-output>
          </reporter-output>
        </test-method> <!-- main -->
        <test-method signature="FirstTestCase()[pri:0, instance:com.invicta.qa.testcases.sbu.MethodCalling@474fae39]" started-at="2023-02-21T04:45:45Z" name="FirstTestCase" finished-at="2023-02-21T04:47:06Z" duration-ms="81164" status="PASS">
          <reporter-output>
          </reporter-output>
        </test-method> <!-- FirstTestCase -->
        <test-method is-config="true" signature="closeChrome()[pri:0, instance:com.invicta.qa.testcases.sbu.MethodCalling@474fae39]" started-at="2023-02-21T04:47:06Z" name="closeChrome" finished-at="2023-02-21T04:47:07Z" duration-ms="680" status="PASS">
          <reporter-output>
          </reporter-output>
        </test-method> <!-- closeChrome -->
      </class> <!-- com.invicta.qa.testcases.sbu.MethodCalling -->
    </test> <!-- Default test -->
  </suite> <!-- Default suite -->
</testng-results>
