<?xml version="1.0" encoding="UTF-8"?>
<testng-results ignored="1" total="1" passed="0" failed="0" skipped="0">
  <reporter-output>
  </reporter-output>
  <suite started-at="2023-02-26T15:55:54Z" name="Default suite" finished-at="2023-02-26T15:55:54Z" duration-ms="18">
    <groups>
    </groups>
    <test started-at="2023-02-26T15:55:54Z" name="Default test" finished-at="2023-02-26T15:55:54Z" duration-ms="18">
      <class name="com.invicta.qa.testcases.sbu.FinaleditPlant">
        <test-method is-config="true" signature="main()[pri:0, instance:com.invicta.qa.testcases.sbu.FinaleditPlant@12b5454f]" started-at="2023-02-26T15:55:20Z" name="main" finished-at="2023-02-26T15:55:54Z" duration-ms="34541" status="PASS">
          <reporter-output>
          </reporter-output>
        </test-method> <!-- main -->
        <test-method is-config="true" signature="closeChrome()[pri:0, instance:com.invicta.qa.testcases.sbu.FinaleditPlant@12b5454f]" started-at="2023-02-26T15:55:55Z" name="closeChrome" finished-at="2023-02-26T15:55:55Z" duration-ms="4" status="PASS">
          <reporter-output>
          </reporter-output>
        </test-method> <!-- closeChrome -->
      </class> <!-- com.invicta.qa.testcases.sbu.FinaleditPlant -->
    </test> <!-- Default test -->
  </suite> <!-- Default suite -->
</testng-results>
